<?xml version="1.0" encoding="UTF-8"?>
<testsuite xmlns:xsi="http://www.w3.org/2001/XMLSchema-instance" xsi:noNamespaceSchemaLocation="https://maven.apache.org/surefire/maven-surefire-plugin/xsd/surefire-test-report-3.0.xsd" version="3.0" name="com.goodstudy.learning.util.StringUtilTest" time="0.003" tests="4" errors="0" skipped="0" failures="0">
  <properties>
    <property name="java.specification.version" value="17"/>
    <property name="sun.cpu.isalist" value="amd64"/>
    <property name="sun.jnu.encoding" value="GBK"/>
    <property name="java.class.path" value="D:\codes\java\Big-Data-Driven-Online-Learning-Platform\goodstudy-learning\target\test-classes;D:\codes\java\Big-Data-Driven-Online-Learning-Platform\goodstudy-learning\target\classes;D:\maven\repository\org\springframework\boot\spring-boot-starter-web\3.1.6\spring-boot-starter-web-3.1.6.jar;D:\maven\repository\org\springframework\boot\spring-boot-starter\3.1.6\spring-boot-starter-3.1.6.jar;D:\maven\repository\org\springframework\boot\spring-boot\3.1.6\spring-boot-3.1.6.jar;D:\maven\repository\org\springframework\boot\spring-boot-autoconfigure\3.1.6\spring-boot-autoconfigure-3.1.6.jar;D:\maven\repository\org\springframework\boot\spring-boot-starter-logging\3.1.6\spring-boot-starter-logging-3.1.6.jar;D:\maven\repository\ch\qos\logback\logback-classic\1.4.11\logback-classic-1.4.11.jar;D:\maven\repository\ch\qos\logback\logback-core\1.4.11\logback-core-1.4.11.jar;D:\maven\repository\org\apache\logging\log4j\log4j-to-slf4j\2.20.0\log4j-to-slf4j-2.20.0.jar;D:\maven\repository\org\apache\logging\log4j\log4j-api\2.20.0\log4j-api-2.20.0.jar;D:\maven\repository\org\slf4j\jul-to-slf4j\2.0.9\jul-to-slf4j-2.0.9.jar;D:\maven\repository\jakarta\annotation\jakarta.annotation-api\2.1.1\jakarta.annotation-api-2.1.1.jar;D:\maven\repository\org\yaml\snakeyaml\1.33\snakeyaml-1.33.jar;D:\maven\repository\org\springframework\boot\spring-boot-starter-json\3.1.6\spring-boot-starter-json-3.1.6.jar;D:\maven\repository\com\fasterxml\jackson\core\jackson-databind\2.15.3\jackson-databind-2.15.3.jar;D:\maven\repository\com\fasterxml\jackson\core\jackson-annotations\2.15.3\jackson-annotations-2.15.3.jar;D:\maven\repository\com\fasterxml\jackson\core\jackson-core\2.15.3\jackson-core-2.15.3.jar;D:\maven\repository\com\fasterxml\jackson\datatype\jackson-datatype-jdk8\2.15.3\jackson-datatype-jdk8-2.15.3.jar;D:\maven\repository\com\fasterxml\jackson\datatype\jackson-datatype-jsr310\2.15.3\jackson-datatype-jsr310-2.15.3.jar;D:\maven\repository\com\fasterxml\jackson\module\jackson-module-parameter-names\2.15.3\jackson-module-parameter-names-2.15.3.jar;D:\maven\repository\org\springframework\boot\spring-boot-starter-tomcat\3.1.6\spring-boot-starter-tomcat-3.1.6.jar;D:\maven\repository\org\apache\tomcat\embed\tomcat-embed-core\10.1.16\tomcat-embed-core-10.1.16.jar;D:\maven\repository\org\apache\tomcat\embed\tomcat-embed-el\10.1.16\tomcat-embed-el-10.1.16.jar;D:\maven\repository\org\apache\tomcat\embed\tomcat-embed-websocket\10.1.16\tomcat-embed-websocket-10.1.16.jar;D:\maven\repository\org\springframework\spring-web\6.0.14\spring-web-6.0.14.jar;D:\maven\repository\org\springframework\spring-beans\6.0.14\spring-beans-6.0.14.jar;D:\maven\repository\io\micrometer\micrometer-observation\1.11.6\micrometer-observation-1.11.6.jar;D:\maven\repository\io\micrometer\micrometer-commons\1.11.6\micrometer-commons-1.11.6.jar;D:\maven\repository\org\springframework\spring-webmvc\6.0.14\spring-webmvc-6.0.14.jar;D:\maven\repository\org\springframework\spring-aop\6.0.14\spring-aop-6.0.14.jar;D:\maven\repository\org\springframework\spring-context\6.0.14\spring-context-6.0.14.jar;D:\maven\repository\org\springframework\spring-expression\6.0.14\spring-expression-6.0.14.jar;D:\maven\repository\org\springframework\boot\spring-boot-starter-data-jpa\3.1.6\spring-boot-starter-data-jpa-3.1.6.jar;D:\maven\repository\org\springframework\boot\spring-boot-starter-aop\3.1.6\spring-boot-starter-aop-3.1.6.jar;D:\maven\repository\org\aspectj\aspectjweaver\1.9.20.1\aspectjweaver-1.9.20.1.jar;D:\maven\repository\org\springframework\boot\spring-boot-starter-jdbc\3.1.6\spring-boot-starter-jdbc-3.1.6.jar;D:\maven\repository\com\zaxxer\HikariCP\5.0.1\HikariCP-5.0.1.jar;D:\maven\repository\org\springframework\spring-jdbc\6.0.14\spring-jdbc-6.0.14.jar;D:\maven\repository\org\hibernate\orm\hibernate-core\6.2.13.Final\hibernate-core-6.2.13.Final.jar;D:\maven\repository\jakarta\persistence\jakarta.persistence-api\3.1.0\jakarta.persistence-api-3.1.0.jar;D:\maven\repository\jakarta\transaction\jakarta.transaction-api\2.0.1\jakarta.transaction-api-2.0.1.jar;D:\maven\repository\org\jboss\logging\jboss-logging\3.5.3.Final\jboss-logging-3.5.3.Final.jar;D:\maven\repository\org\hibernate\common\hibernate-commons-annotations\6.0.6.Final\hibernate-commons-annotations-6.0.6.Final.jar;D:\maven\repository\io\smallrye\jandex\3.0.5\jandex-3.0.5.jar;D:\maven\repository\com\fasterxml\classmate\1.5.1\classmate-1.5.1.jar;D:\maven\repository\org\glassfish\jaxb\jaxb-runtime\4.0.4\jaxb-runtime-4.0.4.jar;D:\maven\repository\org\glassfish\jaxb\jaxb-core\4.0.4\jaxb-core-4.0.4.jar;D:\maven\repository\org\eclipse\angus\angus-activation\2.0.1\angus-activation-2.0.1.jar;D:\maven\repository\org\glassfish\jaxb\txw2\4.0.4\txw2-4.0.4.jar;D:\maven\repository\com\sun\istack\istack-commons-runtime\4.1.2\istack-commons-runtime-4.1.2.jar;D:\maven\repository\jakarta\inject\jakarta.inject-api\2.0.1\jakarta.inject-api-2.0.1.jar;D:\maven\repository\org\antlr\antlr4-runtime\4.10.1\antlr4-runtime-4.10.1.jar;D:\maven\repository\org\springframework\data\spring-data-jpa\3.1.6\spring-data-jpa-3.1.6.jar;D:\maven\repository\org\springframework\data\spring-data-commons\3.1.6\spring-data-commons-3.1.6.jar;D:\maven\repository\org\springframework\spring-orm\6.0.14\spring-orm-6.0.14.jar;D:\maven\repository\org\springframework\spring-tx\6.0.14\spring-tx-6.0.14.jar;D:\maven\repository\org\slf4j\slf4j-api\2.0.9\slf4j-api-2.0.9.jar;D:\maven\repository\org\springframework\spring-aspects\6.0.14\spring-aspects-6.0.14.jar;D:\maven\repository\com\h2database\h2\2.1.214\h2-2.1.214.jar;D:\maven\repository\org\projectlombok\lombok\1.18.30\lombok-1.18.30.jar;D:\maven\repository\org\springframework\boot\spring-boot-starter-test\3.1.6\spring-boot-starter-test-3.1.6.jar;D:\maven\repository\org\springframework\boot\spring-boot-test\3.1.6\spring-boot-test-3.1.6.jar;D:\maven\repository\org\springframework\boot\spring-boot-test-autoconfigure\3.1.6\spring-boot-test-autoconfigure-3.1.6.jar;D:\maven\repository\com\jayway\jsonpath\json-path\2.8.0\json-path-2.8.0.jar;D:\maven\repository\jakarta\xml\bind\jakarta.xml.bind-api\4.0.1\jakarta.xml.bind-api-4.0.1.jar;D:\maven\repository\jakarta\activation\jakarta.activation-api\2.1.2\jakarta.activation-api-2.1.2.jar;D:\maven\repository\net\minidev\json-smart\2.4.11\json-smart-2.4.11.jar;D:\maven\repository\net\minidev\accessors-smart\2.4.11\accessors-smart-2.4.11.jar;D:\maven\repository\org\ow2\asm\asm\9.3\asm-9.3.jar;D:\maven\repository\org\assertj\assertj-core\3.24.2\assertj-core-3.24.2.jar;D:\maven\repository\org\hamcrest\hamcrest\2.2\hamcrest-2.2.jar;D:\maven\repository\org\junit\jupiter\junit-jupiter\5.9.3\junit-jupiter-5.9.3.jar;D:\maven\repository\org\junit\jupiter\junit-jupiter-api\5.9.3\junit-jupiter-api-5.9.3.jar;D:\maven\repository\org\opentest4j\opentest4j\1.2.0\opentest4j-1.2.0.jar;D:\maven\repository\org\junit\platform\junit-platform-commons\1.9.3\junit-platform-commons-1.9.3.jar;D:\maven\repository\org\apiguardian\apiguardian-api\1.1.2\apiguardian-api-1.1.2.jar;D:\maven\repository\org\junit\jupiter\junit-jupiter-params\5.9.3\junit-jupiter-params-5.9.3.jar;D:\maven\repository\org\junit\jupiter\junit-jupiter-engine\5.9.3\junit-jupiter-engine-5.9.3.jar;D:\maven\repository\org\junit\platform\junit-platform-engine\1.9.3\junit-platform-engine-1.9.3.jar;D:\maven\repository\org\mockito\mockito-junit-jupiter\5.3.1\mockito-junit-jupiter-5.3.1.jar;D:\maven\repository\org\skyscreamer\jsonassert\1.5.1\jsonassert-1.5.1.jar;D:\maven\repository\com\vaadin\external\google\android-json\0.0.20131108.vaadin1\android-json-0.0.20131108.vaadin1.jar;D:\maven\repository\org\springframework\spring-core\6.0.14\spring-core-6.0.14.jar;D:\maven\repository\org\springframework\spring-jcl\6.0.14\spring-jcl-6.0.14.jar;D:\maven\repository\org\springframework\spring-test\6.0.14\spring-test-6.0.14.jar;D:\maven\repository\org\xmlunit\xmlunit-core\2.9.1\xmlunit-core-2.9.1.jar;D:\maven\repository\org\mockito\mockito-core\5.3.1\mockito-core-5.3.1.jar;D:\maven\repository\net\bytebuddy\byte-buddy\1.14.10\byte-buddy-1.14.10.jar;D:\maven\repository\net\bytebuddy\byte-buddy-agent\1.14.10\byte-buddy-agent-1.14.10.jar;D:\maven\repository\org\objenesis\objenesis\3.3\objenesis-3.3.jar;"/>
    <property name="java.vm.vendor" value="Eclipse Adoptium"/>
    <property name="sun.arch.data.model" value="64"/>
    <property name="user.variant" value=""/>
    <property name="java.vendor.url" value="https://adoptium.net/"/>
    <property name="catalina.useNaming" value="false"/>
    <property name="user.timezone" value="Asia/Shanghai"/>
    <property name="org.jboss.logging.provider" value="slf4j"/>
    <property name="os.name" value="Windows 10"/>
    <property name="java.vm.specification.version" value="17"/>
    <property name="sun.java.launcher" value="SUN_STANDARD"/>
    <property name="user.country" value="CN"/>
    <property name="sun.boot.library.path" value="D:\Java\openJDK17\bin"/>
    <property name="sun.java.command" value="C:\Users\Administrator\AppData\Local\Temp\surefire15161845350580159900\surefirebooter-20250810165017123_3.jar C:\Users\Administrator\AppData\Local\Temp\surefire15161845350580159900 2025-08-10T16-50-17_003-jvmRun1 surefire-20250810165017123_1tmp surefire_0-20250810165017123_2tmp"/>
    <property name="jdk.debug" value="release"/>
    <property name="surefire.test.class.path" value="D:\codes\java\Big-Data-Driven-Online-Learning-Platform\goodstudy-learning\target\test-classes;D:\codes\java\Big-Data-Driven-Online-Learning-Platform\goodstudy-learning\target\classes;D:\maven\repository\org\springframework\boot\spring-boot-starter-web\3.1.6\spring-boot-starter-web-3.1.6.jar;D:\maven\repository\org\springframework\boot\spring-boot-starter\3.1.6\spring-boot-starter-3.1.6.jar;D:\maven\repository\org\springframework\boot\spring-boot\3.1.6\spring-boot-3.1.6.jar;D:\maven\repository\org\springframework\boot\spring-boot-autoconfigure\3.1.6\spring-boot-autoconfigure-3.1.6.jar;D:\maven\repository\org\springframework\boot\spring-boot-starter-logging\3.1.6\spring-boot-starter-logging-3.1.6.jar;D:\maven\repository\ch\qos\logback\logback-classic\1.4.11\logback-classic-1.4.11.jar;D:\maven\repository\ch\qos\logback\logback-core\1.4.11\logback-core-1.4.11.jar;D:\maven\repository\org\apache\logging\log4j\log4j-to-slf4j\2.20.0\log4j-to-slf4j-2.20.0.jar;D:\maven\repository\org\apache\logging\log4j\log4j-api\2.20.0\log4j-api-2.20.0.jar;D:\maven\repository\org\slf4j\jul-to-slf4j\2.0.9\jul-to-slf4j-2.0.9.jar;D:\maven\repository\jakarta\annotation\jakarta.annotation-api\2.1.1\jakarta.annotation-api-2.1.1.jar;D:\maven\repository\org\yaml\snakeyaml\1.33\snakeyaml-1.33.jar;D:\maven\repository\org\springframework\boot\spring-boot-starter-json\3.1.6\spring-boot-starter-json-3.1.6.jar;D:\maven\repository\com\fasterxml\jackson\core\jackson-databind\2.15.3\jackson-databind-2.15.3.jar;D:\maven\repository\com\fasterxml\jackson\core\jackson-annotations\2.15.3\jackson-annotations-2.15.3.jar;D:\maven\repository\com\fasterxml\jackson\core\jackson-core\2.15.3\jackson-core-2.15.3.jar;D:\maven\repository\com\fasterxml\jackson\datatype\jackson-datatype-jdk8\2.15.3\jackson-datatype-jdk8-2.15.3.jar;D:\maven\repository\com\fasterxml\jackson\datatype\jackson-datatype-jsr310\2.15.3\jackson-datatype-jsr310-2.15.3.jar;D:\maven\repository\com\fasterxml\jackson\module\jackson-module-parameter-names\2.15.3\jackson-module-parameter-names-2.15.3.jar;D:\maven\repository\org\springframework\boot\spring-boot-starter-tomcat\3.1.6\spring-boot-starter-tomcat-3.1.6.jar;D:\maven\repository\org\apache\tomcat\embed\tomcat-embed-core\10.1.16\tomcat-embed-core-10.1.16.jar;D:\maven\repository\org\apache\tomcat\embed\tomcat-embed-el\10.1.16\tomcat-embed-el-10.1.16.jar;D:\maven\repository\org\apache\tomcat\embed\tomcat-embed-websocket\10.1.16\tomcat-embed-websocket-10.1.16.jar;D:\maven\repository\org\springframework\spring-web\6.0.14\spring-web-6.0.14.jar;D:\maven\repository\org\springframework\spring-beans\6.0.14\spring-beans-6.0.14.jar;D:\maven\repository\io\micrometer\micrometer-observation\1.11.6\micrometer-observation-1.11.6.jar;D:\maven\repository\io\micrometer\micrometer-commons\1.11.6\micrometer-commons-1.11.6.jar;D:\maven\repository\org\springframework\spring-webmvc\6.0.14\spring-webmvc-6.0.14.jar;D:\maven\repository\org\springframework\spring-aop\6.0.14\spring-aop-6.0.14.jar;D:\maven\repository\org\springframework\spring-context\6.0.14\spring-context-6.0.14.jar;D:\maven\repository\org\springframework\spring-expression\6.0.14\spring-expression-6.0.14.jar;D:\maven\repository\org\springframework\boot\spring-boot-starter-data-jpa\3.1.6\spring-boot-starter-data-jpa-3.1.6.jar;D:\maven\repository\org\springframework\boot\spring-boot-starter-aop\3.1.6\spring-boot-starter-aop-3.1.6.jar;D:\maven\repository\org\aspectj\aspectjweaver\1.9.20.1\aspectjweaver-1.9.20.1.jar;D:\maven\repository\org\springframework\boot\spring-boot-starter-jdbc\3.1.6\spring-boot-starter-jdbc-3.1.6.jar;D:\maven\repository\com\zaxxer\HikariCP\5.0.1\HikariCP-5.0.1.jar;D:\maven\repository\org\springframework\spring-jdbc\6.0.14\spring-jdbc-6.0.14.jar;D:\maven\repository\org\hibernate\orm\hibernate-core\6.2.13.Final\hibernate-core-6.2.13.Final.jar;D:\maven\repository\jakarta\persistence\jakarta.persistence-api\3.1.0\jakarta.persistence-api-3.1.0.jar;D:\maven\repository\jakarta\transaction\jakarta.transaction-api\2.0.1\jakarta.transaction-api-2.0.1.jar;D:\maven\repository\org\jboss\logging\jboss-logging\3.5.3.Final\jboss-logging-3.5.3.Final.jar;D:\maven\repository\org\hibernate\common\hibernate-commons-annotations\6.0.6.Final\hibernate-commons-annotations-6.0.6.Final.jar;D:\maven\repository\io\smallrye\jandex\3.0.5\jandex-3.0.5.jar;D:\maven\repository\com\fasterxml\classmate\1.5.1\classmate-1.5.1.jar;D:\maven\repository\org\glassfish\jaxb\jaxb-runtime\4.0.4\jaxb-runtime-4.0.4.jar;D:\maven\repository\org\glassfish\jaxb\jaxb-core\4.0.4\jaxb-core-4.0.4.jar;D:\maven\repository\org\eclipse\angus\angus-activation\2.0.1\angus-activation-2.0.1.jar;D:\maven\repository\org\glassfish\jaxb\txw2\4.0.4\txw2-4.0.4.jar;D:\maven\repository\com\sun\istack\istack-commons-runtime\4.1.2\istack-commons-runtime-4.1.2.jar;D:\maven\repository\jakarta\inject\jakarta.inject-api\2.0.1\jakarta.inject-api-2.0.1.jar;D:\maven\repository\org\antlr\antlr4-runtime\4.10.1\antlr4-runtime-4.10.1.jar;D:\maven\repository\org\springframework\data\spring-data-jpa\3.1.6\spring-data-jpa-3.1.6.jar;D:\maven\repository\org\springframework\data\spring-data-commons\3.1.6\spring-data-commons-3.1.6.jar;D:\maven\repository\org\springframework\spring-orm\6.0.14\spring-orm-6.0.14.jar;D:\maven\repository\org\springframework\spring-tx\6.0.14\spring-tx-6.0.14.jar;D:\maven\repository\org\slf4j\slf4j-api\2.0.9\slf4j-api-2.0.9.jar;D:\maven\repository\org\springframework\spring-aspects\6.0.14\spring-aspects-6.0.14.jar;D:\maven\repository\com\h2database\h2\2.1.214\h2-2.1.214.jar;D:\maven\repository\org\projectlombok\lombok\1.18.30\lombok-1.18.30.jar;D:\maven\repository\org\springframework\boot\spring-boot-starter-test\3.1.6\spring-boot-starter-test-3.1.6.jar;D:\maven\repository\org\springframework\boot\spring-boot-test\3.1.6\spring-boot-test-3.1.6.jar;D:\maven\repository\org\springframework\boot\spring-boot-test-autoconfigure\3.1.6\spring-boot-test-autoconfigure-3.1.6.jar;D:\maven\repository\com\jayway\jsonpath\json-path\2.8.0\json-path-2.8.0.jar;D:\maven\repository\jakarta\xml\bind\jakarta.xml.bind-api\4.0.1\jakarta.xml.bind-api-4.0.1.jar;D:\maven\repository\jakarta\activation\jakarta.activation-api\2.1.2\jakarta.activation-api-2.1.2.jar;D:\maven\repository\net\minidev\json-smart\2.4.11\json-smart-2.4.11.jar;D:\maven\repository\net\minidev\accessors-smart\2.4.11\accessors-smart-2.4.11.jar;D:\maven\repository\org\ow2\asm\asm\9.3\asm-9.3.jar;D:\maven\repository\org\assertj\assertj-core\3.24.2\assertj-core-3.24.2.jar;D:\maven\repository\org\hamcrest\hamcrest\2.2\hamcrest-2.2.jar;D:\maven\repository\org\junit\jupiter\junit-jupiter\5.9.3\junit-jupiter-5.9.3.jar;D:\maven\repository\org\junit\jupiter\junit-jupiter-api\5.9.3\junit-jupiter-api-5.9.3.jar;D:\maven\repository\org\opentest4j\opentest4j\1.2.0\opentest4j-1.2.0.jar;D:\maven\repository\org\junit\platform\junit-platform-commons\1.9.3\junit-platform-commons-1.9.3.jar;D:\maven\repository\org\apiguardian\apiguardian-api\1.1.2\apiguardian-api-1.1.2.jar;D:\maven\repository\org\junit\jupiter\junit-jupiter-params\5.9.3\junit-jupiter-params-5.9.3.jar;D:\maven\repository\org\junit\jupiter\junit-jupiter-engine\5.9.3\junit-jupiter-engine-5.9.3.jar;D:\maven\repository\org\junit\platform\junit-platform-engine\1.9.3\junit-platform-engine-1.9.3.jar;D:\maven\repository\org\mockito\mockito-junit-jupiter\5.3.1\mockito-junit-jupiter-5.3.1.jar;D:\maven\repository\org\skyscreamer\jsonassert\1.5.1\jsonassert-1.5.1.jar;D:\maven\repository\com\vaadin\external\google\android-json\0.0.20131108.vaadin1\android-json-0.0.20131108.vaadin1.jar;D:\maven\repository\org\springframework\spring-core\6.0.14\spring-core-6.0.14.jar;D:\maven\repository\org\springframework\spring-jcl\6.0.14\spring-jcl-6.0.14.jar;D:\maven\repository\org\springframework\spring-test\6.0.14\spring-test-6.0.14.jar;D:\maven\repository\org\xmlunit\xmlunit-core\2.9.1\xmlunit-core-2.9.1.jar;D:\maven\repository\org\mockito\mockito-core\5.3.1\mockito-core-5.3.1.jar;D:\maven\repository\net\bytebuddy\byte-buddy\1.14.10\byte-buddy-1.14.10.jar;D:\maven\repository\net\bytebuddy\byte-buddy-agent\1.14.10\byte-buddy-agent-1.14.10.jar;D:\maven\repository\org\objenesis\objenesis\3.3\objenesis-3.3.jar;"/>
    <property name="sun.cpu.endian" value="little"/>
    <property name="user.home" value="C:\Users\Administrator"/>
    <property name="user.language" value="zh"/>
    <property name="java.specification.vendor" value="Oracle Corporation"/>
    <property name="java.version.date" value="2023-04-18"/>
    <property name="java.home" value="D:\Java\openJDK17"/>
    <property name="file.separator" value="\"/>
    <property name="basedir" value="D:\codes\java\Big-Data-Driven-Online-Learning-Platform\goodstudy-learning"/>
    <property name="java.vm.compressedOopsMode" value="Zero based"/>
    <property name="line.separator" value="&#10;"/>
    <property name="java.vm.specification.vendor" value="Oracle Corporation"/>
    <property name="java.specification.name" value="Java Platform API Specification"/>
    <property name="FILE_LOG_CHARSET" value="GBK"/>
    <property name="java.awt.headless" value="true"/>
    <property name="surefire.real.class.path" value="C:\Users\Administrator\AppData\Local\Temp\surefire15161845350580159900\surefirebooter-20250810165017123_3.jar"/>
    <property name="user.script" value=""/>
    <property name="sun.management.compiler" value="HotSpot 64-Bit Tiered Compilers"/>
    <property name="java.runtime.version" value="17.0.7+7"/>
    <property name="user.name" value="Administrator"/>
    <property name="path.separator" value=";"/>
    <property name="os.version" value="10.0"/>
    <property name="java.runtime.name" value="OpenJDK Runtime Environment"/>
    <property name="file.encoding" value="GBK"/>
    <property name="java.vm.name" value="OpenJDK 64-Bit Server VM"/>
    <property name="java.vendor.version" value="Temurin-17.0.7+7"/>
    <property name="localRepository" value="D:\maven\repository"/>
    <property name="java.vendor.url.bug" value="https://github.com/adoptium/adoptium-support/issues"/>
    <property name="java.io.tmpdir" value="C:\Users\ADMINI~1\AppData\Local\Temp\"/>
    <property name="idea.version" value="2024.1"/>
    <property name="catalina.home" value="C:\Users\Administrator\AppData\Local\Temp\tomcat.0.4797168888623625317"/>
    <property name="com.zaxxer.hikari.pool_number" value="1"/>
    <property name="java.version" value="17.0.7"/>
    <property name="user.dir" value="D:\codes\java\Big-Data-Driven-Online-Learning-Platform\goodstudy-learning"/>
    <property name="os.arch" value="amd64"/>
    <property name="java.vm.specification.name" value="Java Virtual Machine Specification"/>
    <property name="PID" value="30764"/>
    <property name="sun.os.patch.level" value=""/>
    <property name="CONSOLE_LOG_CHARSET" value="GBK"/>
    <property name="catalina.base" value="C:\Users\Administrator\AppData\Local\Temp\tomcat.0.4797168888623625317"/>
    <property name="native.encoding" value="GBK"/>
    <property name="java.library.path" value="D:\Java\openJDK17\bin;C:\Windows\Sun\Java\bin;C:\Windows\system32;C:\Windows;D:\VMware\bin\;D:\Java\openJDK17\bin;C:\Program Files (x86)\Common Files\Oracle\Java\javapath;C:\Windows\system32;C:\Windows;C:\Windows\System32\Wbem;C:\Windows\System32\WindowsPowerShell\v1.0\;C:\Windows\System32\OpenSSH\;D:\hadoop\hadoop-3.1.0\bin;C:\Program Files\TortoiseSVN\bin;D:\nodejs\node_global;D:;xftp\;D:\MySql\bin;D:\codes\cloc;D:\protobuf\protoc-25.1-win64\bin;D:\maven\apache-maven-3.6.3\bin;D:\xftp\;D:\tomcat\apache-tomcat-9.0.63\bin;D:\微信开发者工具\微信web开发者工具\dll;C:\Program Fi;es\dotnet\;C:\Program Files\Docker\Docker\resources\bin;D:\chromedriver-win64-130.0.6723.70;D:\nodejs;C:\Program Files\dotnet\;C:\Program Files\PostgreSQL\13\bin;C:\ProgramData\chocolatey\bin;D:\git\Git\cmd;D:\xhsell\;C:\Users\Administrator\AppData\Local\Programs\Python\Python312\Scripts\;C:\Users\Administrator\AppData\Local\Programs\Python\Python312\;C:\Users\Administrator\AppData\Local\Microsoft\WindowsApps;D:\nodejs\node_global;D:\IDEA\IntelliJ IDEA 2023.1.2\bin;;D:\pycharm\PyCharm 2023.2.1\bin;;D:\VScode\Microsoft VS Code\bin;D:\dataGrip\DataGrip 2023.2\bin;;D:\ffmpeg\ffmpeg-6.0-essentials_build\bin;;."/>
    <property name="java.vm.info" value="mixed mode, sharing"/>
    <property name="java.vendor" value="Eclipse Adoptium"/>
    <property name="java.vm.version" value="17.0.7+7"/>
    <property name="sun.io.unicode.encoding" value="UnicodeLittle"/>
    <property name="java.class.version" value="61.0"/>
  </properties>
  <testcase name="safe_returnsEmpty" classname="com.goodstudy.learning.util.StringUtilTest" time="0.001"/>
  <testcase name="joinWithComma_works" classname="com.goodstudy.learning.util.StringUtilTest" time="0"/>
  <testcase name="isBlank_empty" classname="com.goodstudy.learning.util.StringUtilTest" time="0"/>
  <testcase name="isBlank_null" classname="com.goodstudy.learning.util.StringUtilTest" time="0"/>
</testsuite>